============================= test session starts ==============================
platform linux -- Python 3.9.2, pytest-6.2.2, py-1.10.0, pluggy-0.13.1 -- /usr/bin/python3
cachedir: .pytest_cache
hypothesis profile 'default' -> database=DirectoryBasedExampleDatabase('/import/kamen/3/cs1531/project-automarking/tempstore/.hypothesis/examples')
metadata: {'Python': '3.9.2', 'Platform': 'Linux-5.10.0-17-amd64-x86_64-with-glibc2.31', 'Packages': {'pytest': '6.2.2', 'py': '1.10.0', 'pluggy': '0.13.1'}, 'Plugins': {'jest': '0.3.0', 'hypothesis': '6.1.1', 'timeout': '1.4.2', 'snapshottest': '0.6.0', 'metadata': '2.0.1', 'flask': '0.15.1'}}
rootdir: /import/kamen/3/cs1531/project-automarking/tempstore
plugins: jest-0.3.0, hypothesis-6.1.1, timeout-1.4.2, snapshottest-0.6.0, metadata-2.0.1, flask-0.15.1
collecting ... collected 368 items

httpTests/authTests/test_auth_login.py::testSuccessfulLogin PASSED       [  5%]
httpTests/authTests/test_auth_login.py::testCanHaveTwoSessions PASSED    [  5%]
httpTests/authTests/test_auth_login.py::testUnregisteredUser PASSED      [  5%]
httpTests/authTests/test_auth_login.py::testRegisteredButIncorrectPassword PASSED [  6%]
httpTests/authTests/test_auth_logout.py::testSuccessfulLogout PASSED     [  6%]
httpTests/authTests/test_auth_register.py::testInvalidEmail[@gmail.com] PASSED [  6%]
httpTests/authTests/test_auth_register.py::testInvalidEmail[bob] PASSED  [  7%]
httpTests/authTests/test_auth_register.py::testInvalidEmail[bob@bob@bob.com] PASSED [  7%]
httpTests/authTests/test_auth_register.py::testInvalidPassword[12345] PASSED [  7%]
httpTests/authTests/test_auth_register.py::testInvalidPassword[] PASSED  [  7%]
httpTests/authTests/test_auth_register.py::testInvalidNameFirst[] PASSED [  8%]
httpTests/authTests/test_auth_register.py::testInvalidNameFirst[aaaaaaaaaaaaaaaaaaaaaaaaaaaaaaaaaaaaaaaaaaaaaaaaaaa] PASSED [  8%]
httpTests/authTests/test_auth_register.py::testInvalidNameLast[] PASSED  [  8%]
httpTests/authTests/test_auth_register.py::testInvalidNameLast[bbbbbbbbbbbbbbbbbbbbbbbbbbbbbbbbbbbbbbbbbbbbbbbbbbb] PASSED [  8%]
httpTests/authTests/test_auth_register.py::testDuplicateEmail FAILED     [  9%]
httpTests/authTests/test_auth_register.py::testRemovedUserName PASSED    [  9%]
httpTests/authTests/test_auth_register.py::testSuccessfulRegistration PASSED [  9%]
httpTests/authTests/test_auth_register.py::testBasicHandleGeneratedCorrectly[Bob-Smith-bobsmith] PASSED [ 10%]
httpTests/authTests/test_auth_register.py::testBasicHandleGeneratedCorrectly[ababababab-cdcdcdcdcdcd-abababababcdcdcdcdcd] PASSED [ 10%]
httpTests/authTests/test_auth_register.py::testDuplicateHandlesGeneratedCorrectly[abcdefghij-klmnopqrs-abcdefghijklmnopqrs-abcdefghij-klmnopqrs-abcdefghijklmnopqrs0] PASSED [ 10%]
httpTests/authTests/test_auth_register.py::testDuplicateHandlesGeneratedCorrectly[abcdefghij-klmnopqrst-abcdefghijklmnopqrst-abcdefghij-klmnopqrst-abcdefghijklmnopqrst0] PASSED [ 10%]
httpTests/authTests/test_auth_register.py::testDuplicateHandlesGeneratedCorrectly[@bcdefgh!j-klmn opqrst-bcdefghjklmnopqrst-bcdefghj-klmnopqrst-bcdefghjklmnopqrst0] FAILED [ 11%]
httpTests/authTests/test_auth_register.py::testDuplicateHandlesGeneratedCorrectly[abc-def0-abcdef0-abc-def-abcdef1] PASSED [ 11%]
httpTests/channelTests/test_channel_addowner.py::testChannelOwnerCanAddownerWhenMember PASSED [ 12%]
httpTests/channelTests/test_channel_addowner.py::testGlobalOwnerMemberCanAddowner PASSED [ 12%]
httpTests/channelTests/test_channel_addowner.py::testChannelOwnerCantAddownerWhenNonMember PASSED [ 13%]
httpTests/channelTests/test_channel_addowner.py::testNonMemberCannotAddOwner PASSED [ 13%]
httpTests/channelTests/test_channel_addowner.py::testGlobalOwnerNonMemberCantAddownerPrivate PASSED [ 13%]
httpTests/channelTests/test_channel_addowner.py::testGlobalOwnerNonMemberCantAddownerPublic PASSED [ 13%]
httpTests/channelTests/test_channel_addowner.py::testMemberCannotAddOwner PASSED [ 14%]
httpTests/channelTests/test_channel_addowner.py::testCannotAddownerPrexistingChannelOwner PASSED [ 14%]
httpTests/channelTests/test_channel_addowner.py::testWithInvalidUId PASSED [ 14%]
httpTests/channelTests/test_channel_addowner.py::testWithInvalidChannelId PASSED [ 14%]
httpTests/channelTests/test_channel_addowner.py::testInvalidToken PASSED [ 15%]
httpTests/channelTests/test_channel_details.py::testMemberSuccessful PASSED [ 15%]
httpTests/channelTests/test_channel_details.py::testNonMemberNotSuccessful PASSED [ 15%]
httpTests/channelTests/test_channel_details.py::testInvalidChannelId PASSED [ 16%]
httpTests/channelTests/test_channel_details.py::testInvalidToken PASSED  [ 16%]
httpTests/channelTests/test_channel_invite.py::testDuplicateInvite PASSED [ 16%]
httpTests/channelTests/test_channel_invite.py::testInviteGlobalOwner PASSED [ 16%]
httpTests/channelTests/test_channel_invite.py::testInviteGlobalMember PASSED [ 17%]
httpTests/channelTests/test_channel_invite.py::testInvitationFromNonChannelMember PASSED [ 17%]
httpTests/channelTests/test_channel_invite.py::testChannelIdInvalid PASSED [ 17%]
httpTests/channelTests/test_channel_invite.py::testUIdInvalid PASSED     [ 17%]
httpTests/channelTests/test_channel_invite.py::testInvalidatedToken PASSED [ 18%]
httpTests/channelTests/test_channel_join.py::testGlobalOwnerJoinChannelPublic PASSED [ 18%]
httpTests/channelTests/test_channel_join.py::testGlobalOwnerJoinChannelPrivate PASSED [ 18%]
httpTests/channelTests/test_channel_join.py::testGlobalMemberJoinPublic PASSED [ 19%]
httpTests/channelTests/test_channel_join.py::testGlobalMemberCantJoinPrivate PASSED [ 19%]
httpTests/channelTests/test_channel_join.py::testAlreadyJoinedChannel PASSED [ 19%]
httpTests/channelTests/test_channel_join.py::testJoinInvalidChannelId PASSED [ 19%]
httpTests/channelTests/test_channel_join.py::testInvalidatedToken PASSED [ 20%]
httpTests/channelTests/test_channel_leave.py::testMemberLeaveChannelSuccessfully PASSED [ 20%]
httpTests/channelTests/test_channel_leave.py::testLeaveChannelWhenNotMember PASSED [ 20%]
httpTests/channelTests/test_channel_leave.py::testInvalidChannelId PASSED [ 20%]
httpTests/channelTests/test_channel_leave.py::testInvalidToken PASSED    [ 21%]
httpTests/channelTests/test_channel_messages.py::testMessageTimestamp FAILED [ 21%]
httpTests/channelTests/test_channel_messages.py::testUnderFiftyMessagesSent PASSED [ 21%]
httpTests/channelTests/test_channel_messages.py::testOverFiftyMessagesSent FAILED [ 22%]
httpTests/channelTests/test_channel_messages.py::testRemovalByEditReflected PASSED [ 22%]
httpTests/channelTests/test_channel_messages.py::testRemovalByDeletionReflected PASSED [ 22%]
httpTests/channelTests/test_channel_messages.py::testInputErrorWhenStartGreaterThanMessageNum PASSED [ 22%]
httpTests/channelTests/test_channel_messages.py::testAccessErrorWhenUserIsNonMember PASSED [ 23%]
httpTests/channelTests/test_channel_messages.py::testInputErrorWhenChannelIdInvalid PASSED [ 23%]
httpTests/channelTests/test_channel_messages.py::testAccessErrorWhenInvalidTokenGiven PASSED [ 23%]
httpTests/channelTests/test_channel_removeowner.py::testOwnerCanRemoveOwner PASSED [ 23%]
httpTests/channelTests/test_channel_removeowner.py::testGlobalOwnerMmberCanRemoveOwner PASSED [ 24%]
httpTests/channelTests/test_channel_removeowner.py::testGlobalOwnerNonmemberCannotRemoveOwner FAILED [ 24%]
httpTests/channelTests/test_channel_removeowner.py::testNonmemberCannotRemoveOwner PASSED [ 24%]
httpTests/channelTests/test_channel_removeowner.py::testMmberCannotRemoveOwner PASSED [ 25%]
httpTests/channelTests/test_channel_removeowner.py::testCannotRemoveLastOwner FAILED [ 25%]
httpTests/channelTests/test_channel_removeowner.py::testGlobalOwnerCannotRemoveOnlyOwner FAILED [ 25%]
httpTests/channelTests/test_channel_removeowner.py::testCannotRemoveNonOwner PASSED [ 25%]
httpTests/channelTests/test_channel_removeowner.py::testInvalidUId PASSED [ 26%]
httpTests/channelTests/test_channel_removeowner.py::testWithInvalidChannelId PASSED [ 26%]
httpTests/channelTests/test_channel_removeowner.py::testInvalidatedToken PASSED [ 26%]
httpTests/channels_tests/test_channels_create.py::testCreateChannel[True-andys room] PASSED [ 26%]
httpTests/channels_tests/test_channels_create.py::testCreateChannel[False-andys room] PASSED [ 27%]
httpTests/channels_tests/test_channels_create.py::testInvalidChannelNameLength[True-] PASSED [ 27%]
httpTests/channels_tests/test_channels_create.py::testInvalidChannelNameLength[True-I AM NOT A TOY AND ALSO THIS NAME IS TOO LONG] PASSED [ 27%]
httpTests/channels_tests/test_channels_create.py::testInvalidChannelNameLength[False-] PASSED [ 27%]
httpTests/channels_tests/test_channels_create.py::testInvalidChannelNameLength[False-I AM NOT A TOY AND ALSO THIS NAME IS TOO LONG] PASSED [ 28%]
httpTests/channels_tests/test_channels_create.py::testInvalidatedToken PASSED [ 28%]
httpTests/channels_tests/test_channels_list.py::testWhenInNoChannels PASSED [ 28%]
httpTests/channels_tests/test_channels_list.py::testWhenInOneChannel[True-andy] PASSED [ 29%]
httpTests/channels_tests/test_channels_list.py::testWhenInOneChannel[False-andy] PASSED [ 29%]
httpTests/channels_tests/test_channels_list.py::testWhenInMultipleChannels[False-True-ZERG-andy] PASSED [ 29%]
httpTests/channels_tests/test_channels_list.py::testWhenInMultipleChannels[False-False-ZERG-andy] PASSED [ 29%]
httpTests/channels_tests/test_channels_list.py::testWhenInMultipleChannels[True-True-ZERG-andy] PASSED [ 30%]
httpTests/channels_tests/test_channels_list.py::testWhenInMultipleChannels[True-False-ZERG-andy] PASSED [ 30%]
httpTests/channels_tests/test_channels_list.py::testListAfterLeaveChannel PASSED [ 30%]
httpTests/channels_tests/test_channels_list.py::testInvalidatedToken PASSED [ 30%]
httpTests/channels_tests/test_channels_listall.py::testWhenNoChannels PASSED [ 31%]
httpTests/channels_tests/test_channels_listall.py::testWhenOneChannelExistsPrivate PASSED [ 31%]
httpTests/channels_tests/test_channels_listall.py::testWhenOneChannelExistsPublic PASSED [ 31%]
httpTests/channels_tests/test_channels_listall.py::testWhenMultipleChannelsExist PASSED [ 32%]
httpTests/channels_tests/test_channels_listall.py::testInvalidatedToken PASSED [ 32%]
httpTests/dmTests/test_dm_create.py::testSuccessfulDmCreation PASSED     [ 32%]
httpTests/dmTests/test_dm_create.py::testDmNameCreationSingle PASSED     [ 32%]
httpTests/dmTests/test_dm_create.py::testDmNameCreationMultiple PASSED   [ 33%]
httpTests/dmTests/test_dm_create.py::testDmToInvalidUsers PASSED         [ 33%]
httpTests/dmTests/test_dm_create.py::testDmToUsersButOneInvalid PASSED   [ 33%]
httpTests/dmTests/test_dm_create.py::testDmToUsersButDuplicate PASSED    [ 33%]
httpTests/dmTests/test_dm_create.py::testInvalidToken PASSED             [ 34%]
httpTests/dmTests/test_dm_details.py::testMemberSuccessful PASSED        [ 34%]
httpTests/dmTests/test_dm_details.py::testNonMemberNotSuccessful PASSED  [ 34%]
httpTests/dmTests/test_dm_details.py::testInvalidDmId PASSED             [ 35%]
httpTests/dmTests/test_dm_details.py::testInvalidToken PASSED            [ 35%]
httpTests/dmTests/test_dm_leave.py::testMemberLeaveDmSuccessfully PASSED [ 35%]
httpTests/dmTests/test_dm_leave.py::testLeaveDmWhenNotMember PASSED      [ 35%]
httpTests/dmTests/test_dm_leave.py::testInvalidDmId PASSED               [ 36%]
httpTests/dmTests/test_dm_leave.py::testInvalidToken PASSED              [ 36%]
httpTests/dmTests/test_dm_list.py::testWhenInNoDms PASSED                [ 36%]
httpTests/dmTests/test_dm_list.py::testWhenInOneDm PASSED                [ 36%]
httpTests/dmTests/test_dm_list.py::testWhenInMultipleDms PASSED          [ 37%]
httpTests/dmTests/test_dm_list.py::testListAfterLeaveDm PASSED           [ 37%]
httpTests/dmTests/test_dm_list.py::testInvalidatedToken PASSED           [ 37%]
httpTests/dmTests/test_dm_messages.py::testUnderFiftyMessagesSent PASSED [ 38%]
httpTests/dmTests/test_dm_messages.py::testOverFiftyMessagesSent FAILED  [ 38%]
httpTests/dmTests/test_dm_messages.py::testRemovalByEditReflected PASSED [ 38%]
httpTests/dmTests/test_dm_messages.py::testRemovalByDeletionReflected PASSED [ 38%]
httpTests/dmTests/test_dm_messages.py::testInputErrorWhenStartGreaterThanMessageNum PASSED [ 39%]
httpTests/dmTests/test_dm_messages.py::testAccessErrorWhenUserIsNonMember PASSED [ 39%]
httpTests/dmTests/test_dm_messages.py::testInputErrorWhenDmIdInvalid PASSED [ 39%]
httpTests/dmTests/test_dm_messages.py::testAccessErrorWhenInvalidTokenGiven PASSED [ 39%]
httpTests/dmTests/test_dm_remove.py::testSuccessfulDmRemoval PASSED      [ 40%]
httpTests/dmTests/test_dm_remove.py::testNonownerCannotRemoveDm PASSED   [ 40%]
httpTests/dmTests/test_dm_remove.py::testOwnerNonmemberCannotRemoveDm PASSED [ 41%]
httpTests/dmTests/test_dm_remove.py::testInvalidDmId PASSED              [ 41%]
httpTests/dmTests/test_dm_remove.py::testInvalidToken PASSED             [ 41%]
httpTests/messageTests/test_message_edit.py::testOriginalPosterCanEditMessageChannel PASSED [ 41%]
httpTests/messageTests/test_message_edit.py::testOriginalPosterCanEditMessageDm PASSED [ 42%]
httpTests/messageTests/test_message_edit.py::testGlobalOwnerCantEditMembersMessageDm PASSED [ 42%]
httpTests/messageTests/test_message_edit.py::testEmptyEditDeletesMessage PASSED [ 42%]
httpTests/messageTests/test_message_edit.py::testInvalidMessageLength PASSED [ 42%]
httpTests/messageTests/test_message_edit.py::testCannotEditDeletedMessage PASSED [ 43%]
httpTests/messageTests/test_message_edit.py::testNonownerNonposterCantEdit PASSED [ 43%]
httpTests/messageTests/test_message_edit.py::testInvalidToken PASSED     [ 43%]
httpTests/messageTests/test_message_meta.py::testMessageIdsUnique PASSED [ 44%]
httpTests/messageTests/test_message_remove.py::testOriginalPosterCanRemoveMessage PASSED [ 49%]
httpTests/messageTests/test_message_remove.py::testGlobalOwnerCantRemoveMembersMessageDm PASSED [ 49%]
httpTests/messageTests/test_message_remove.py::testCannotRemoveDeletedMessage PASSED [ 49%]
httpTests/messageTests/test_message_remove.py::testNonownerNonposterCantRemoveMessage PASSED [ 50%]
httpTests/messageTests/test_message_remove.py::testInvalidToken PASSED   [ 50%]
httpTests/messageTests/test_message_send.py::testValidMessage PASSED     [ 50%]
httpTests/messageTests/test_message_send.py::testNonmemberPost PASSED    [ 50%]
httpTests/messageTests/test_message_send.py::testInvalidChannel PASSED   [ 51%]
httpTests/messageTests/test_message_send.py::testInvalidMessage[] PASSED [ 51%]
httpTests/messageTests/test_message_send.py::testInvalidMessage[mmmmmmmmmmmmmmmmmmmmmmmmmmmmmmmmmmmmmmmmmmmmmmmmmmmmmmmmmmmmmmmmmmmmmmmmmmmmmmmmmmmmmmmmmmmmmmmmmmmmmmmmmmmmmmmmmmmmmmmmmmmmmmmmmmmmmmmmmmmmmmmmmmmmmmmmmmmmmmmmmmmmmmmmmmmmmmmmmmmmmmmmmmmmmmmmmmmmmmmmmmmmmmmmmmmmmmmmmmmmmmmmmmmmmmmmmmmmmmmmmmmmmmmmmmmmmmmmmmmmmmmmmmmmmmmmmmmmmmmmmmmmmmmmmmmmmmmmmmmmmmmmmmmmmmmmmmmmmmmmmmmmmmmmmmmmmmmmmmmmmmmmmmmmmmmmmmmmmmmmmmmmmmmmmmmmmmmmmmmmmmmmmmmmmmmmmmmmmmmmmmmmmmmmmmmmmmmmmmmmmmmmmmmmmmmmmmmmmmmmmmmmmmmmmmmmmmmmmmmmmmmmmmmmmmmmmmmmmmmmmmmmmmmmmmmmmmmmmmmmmmmmmmmmmmmmmmmmmmmmmmmmmmmmmmmmmmmmmmmmmmmmmmmmmmmmmmmmmmmmmmmmmmmmmmmmmmmmmmmmmmmmmmmmmmmmmmmmmmmmmmmmmmmmmmmmmmmmmmmmmmmmmmmmmmmmmmmmmmmmmmmmmmmmmmmmmmmmmmmmmmmmmmmmmmmmmmmmmmmmmmmmmmmmmmmmmmmmmmmmmmmmmmmmmmmmmmmmmmmmmmmmmmmmmmmmmmmmmmmmmmmmmmmmmmmmmmmmmmmmmmmmmmmmmmmmmmmmmmmmmmmmmmmmmmmmmmmmmmmmmmmmmmmmmmmmmmmmmmmmmmmmmmmmmmmmmmmmmmmmmmmmmmmmmmmmmmmmmmmmmmmmmmmmmmmmmmmmmmmmmmmmmmmmmmmmmmmmmmmmmmmmmmmmmmmmmmmmmmmmmmmmmmmmmmmmmmmmmmmmmmmmmmmmmmmmmmmmmmmmmmmmmmmmmmmmmmmmmmmmmmmmmmmmmmmmmmmmmmmmm] PASSED [ 51%]
httpTests/messageTests/test_message_send.py::testInvalidToken PASSED     [ 51%]
httpTests/messageTests/test_message_senddm.py::testValidMessage PASSED   [ 52%]
httpTests/messageTests/test_message_senddm.py::testNonmemberPost PASSED  [ 52%]
httpTests/messageTests/test_message_senddm.py::testInvalidDm PASSED      [ 52%]
httpTests/messageTests/test_message_senddm.py::testInvalidMessage[] PASSED [ 52%]
httpTests/messageTests/test_message_senddm.py::testInvalidMessage[mmmmmmmmmmmmmmmmmmmmmmmmmmmmmmmmmmmmmmmmmmmmmmmmmmmmmmmmmmmmmmmmmmmmmmmmmmmmmmmmmmmmmmmmmmmmmmmmmmmmmmmmmmmmmmmmmmmmmmmmmmmmmmmmmmmmmmmmmmmmmmmmmmmmmmmmmmmmmmmmmmmmmmmmmmmmmmmmmmmmmmmmmmmmmmmmmmmmmmmmmmmmmmmmmmmmmmmmmmmmmmmmmmmmmmmmmmmmmmmmmmmmmmmmmmmmmmmmmmmmmmmmmmmmmmmmmmmmmmmmmmmmmmmmmmmmmmmmmmmmmmmmmmmmmmmmmmmmmmmmmmmmmmmmmmmmmmmmmmmmmmmmmmmmmmmmmmmmmmmmmmmmmmmmmmmmmmmmmmmmmmmmmmmmmmmmmmmmmmmmmmmmmmmmmmmmmmmmmmmmmmmmmmmmmmmmmmmmmmmmmmmmmmmmmmmmmmmmmmmmmmmmmmmmmmmmmmmmmmmmmmmmmmmmmmmmmmmmmmmmmmmmmmmmmmmmmmmmmmmmmmmmmmmmmmmmmmmmmmmmmmmmmmmmmmmmmmmmmmmmmmmmmmmmmmmmmmmmmmmmmmmmmmmmmmmmmmmmmmmmmmmmmmmmmmmmmmmmmmmmmmmmmmmmmmmmmmmmmmmmmmmmmmmmmmmmmmmmmmmmmmmmmmmmmmmmmmmmmmmmmmmmmmmmmmmmmmmmmmmmmmmmmmmmmmmmmmmmmmmmmmmmmmmmmmmmmmmmmmmmmmmmmmmmmmmmmmmmmmmmmmmmmmmmmmmmmmmmmmmmmmmmmmmmmmmmmmmmmmmmmmmmmmmmmmmmmmmmmmmmmmmmmmmmmmmmmmmmmmmmmmmmmmmmmmmmmmmmmmmmmmmmmmmmmmmmmmmmmmmmmmmmmmmmmmmmmmmmmmmmmmmmmmmmmmmmmmmmmmmmmmmmmmmmmmmmmmmmmmmmmmmmmmmmmmmmmmmmmmmmmmmmmmmmmmmmmmmmmmmmmmmmmmmmmmmmmmmmmmmmm] PASSED [ 53%]
httpTests/messageTests/test_message_senddm.py::testInvalidToken PASSED   [ 53%]
httpTests/otherTests/test_clear.py::testClearWorks PASSED                [ 66%]
httpTests/otherTests/test_users_all.py::testSuccessfulUsersAll PASSED    [ 75%]
httpTests/otherTests/test_users_all.py::testInvalidToken PASSED          [ 75%]
httpTests/userTests/test_user_profile.py::testUserProfileValid PASSED    [ 90%]
httpTests/userTests/test_user_profile.py::testInvalidUser PASSED         [ 90%]
httpTests/userTests/test_user_profile.py::testInvalidToken PASSED        [ 91%]
httpTests/userTests/test_user_profile_setemail.py::testSuccessfulEmailChange PASSED [ 91%]
httpTests/userTests/test_user_profile_setemail.py::testCannotChangeToTakenEmail PASSED [ 91%]
httpTests/userTests/test_user_profile_setemail.py::testInvalidEmail[] PASSED [ 91%]
httpTests/userTests/test_user_profile_setemail.py::testInvalidEmail[bob] PASSED [ 92%]
httpTests/userTests/test_user_profile_setemail.py::testInvalidEmail[ab.com] PASSED [ 92%]
httpTests/userTests/test_user_profile_setemail.py::testInvalidEmail[@gmail.com] PASSED [ 92%]
httpTests/userTests/test_user_profile_setemail.py::testInvalidEmail[ab@ab@gmail.com] PASSED [ 92%]
httpTests/userTests/test_user_profile_setemail.py::testInvalidToken PASSED [ 93%]
httpTests/userTests/test_user_profile_sethandle.py::testSuccessfulHandleChange PASSED [ 93%]
httpTests/userTests/test_user_profile_sethandle.py::testCannotChangeToTakenHandle PASSED [ 93%]
httpTests/userTests/test_user_profile_sethandle.py::testInvalidHandle[] PASSED [ 94%]
httpTests/userTests/test_user_profile_sethandle.py::testInvalidHandle[a] PASSED [ 94%]
httpTests/userTests/test_user_profile_sethandle.py::testInvalidHandle[aa] PASSED [ 94%]
httpTests/userTests/test_user_profile_sethandle.py::testInvalidHandle[aaaaaaaaaaaaaaaaaaaaa] PASSED [ 94%]
httpTests/userTests/test_user_profile_sethandle.py::testInvalidHandle[new handle] PASSED [ 95%]
httpTests/userTests/test_user_profile_sethandle.py::testInvalidHandle[newh@ndle] PASSED [ 95%]
httpTests/userTests/test_user_profile_sethandle.py::testInvalidToken PASSED [ 95%]
httpTests/userTests/test_user_profile_setname.py::testUserProfileSetnameValidName PASSED [ 95%]
httpTests/userTests/test_user_profile_setname.py::testInvalidName[-] PASSED [ 96%]
httpTests/userTests/test_user_profile_setname.py::testInvalidName[-MMMMMMMMMMMMMMMMMMMMMMMMMMMMMMMMMMMMMMMMMMMMMMMMMMM] PASSED [ 96%]
httpTests/userTests/test_user_profile_setname.py::testInvalidName[PPPPPPPPPPPPPPPPPPPPPPPPPPPPPPPPPPPPPPPPPPPPPPPPPPP-] PASSED [ 96%]
httpTests/userTests/test_user_profile_setname.py::testInvalidName[PPPPPPPPPPPPPPPPPPPPPPPPPPPPPPPPPPPPPPPPPPPPPPPPPPP-MMMMMMMMMMMMMMMMMMMMMMMMMMMMMMMMMMMMMMMMMMMMMMMMMMM] PASSED [ 97%]
httpTests/userTests/test_user_profile_setname.py::testInvalidToken PASSED [ 97%]

====== Marks recorded: 93.14 ======


=================================== FAILURES ===================================
______________________________ testDuplicateEmail ______________________________

ctx = None

    def testDuplicateEmail(ctx):
>       authRegister('ab@gmail.com', 'password1', 'name-first-a', 'name-last-a', ctx)

httpTests/authTests/test_auth_register.py:48: 
_ _ _ _ _ _ _ _ _ _ _ _ _ _ _ _ _ _ _ _ _ _ _ _ _ _ _ _ _ _ _ _ _ _ _ _ _ _ _ _ 
httpTests/fakepi/auth.py:35: in authRegister
    return util.parseResponse(
_ _ _ _ _ _ _ _ _ _ _ _ _ _ _ _ _ _ _ _ _ _ _ _ _ _ _ _ _ _ _ _ _ _ _ _ _ _ _ _ 

res = <Response [200]>

    def parseResponse(res):
        if res.status_code in [200, 201]:
            data = json.loads(res.text)
            # error handling for iteration 2, without exceptions
            if 'error' in data:
                print(data)
>               raise error.InputError()
E               httpTests.error.InputError: 400 Bad Request: None

httpTests/fakepi/util.py:134: InputError
----------------------------- Captured stdout call -----------------------------
{'error': 'Invalid First Name.'}
_ testDuplicateHandlesGeneratedCorrectly[@bcdefgh!j-klmn opqrst-bcdefghjklmnopqrst-bcdefghj-klmnopqrst-bcdefghjklmnopqrst0] _

first1 = '@bcdefgh!j', last1 = 'klmn opqrst', handle1 = 'bcdefghjklmnopqrst'
first2 = 'bcdefghj', last2 = 'klmnopqrst', handle2 = 'bcdefghjklmnopqrst0'
woodysPublicToybox = Channel(name='woodys toybox', isPublic=True, channelId=0, ownerMembers=[0], allMembers=[])
userWoody = User(email='sheriff.woody@andysroom.com', password='qazwsx!!', nameFirst='sheriff', nameLast='woody', uId=0, token='b@REu&Yu4k5cBV0(xIh@UZ6B@)R#(FFw', handleStr='sheriffwoody')
ctx = None

    @pytest.mark.parametrize('first1, last1, handle1, first2, last2, handle2', [
        ('abcdefghij', 'klmnopqrs', 'abcdefghijklmnopqrs', 'abcdefghij', 'klmnopqrs', 'abcdefghijklmnopqrs0'),
        ('abcdefghij', 'klmnopqrst', 'abcdefghijklmnopqrst', 'abcdefghij', 'klmnopqrst', 'abcdefghijklmnopqrst0'),
        ('@bcdefgh!j', 'klmn opqrst', 'bcdefghjklmnopqrst', 'bcdefghj', 'klmnopqrst', 'bcdefghjklmnopqrst0'),
        ('abc', 'def0', 'abcdef0', 'abc', 'def', 'abcdef1'),
    ])
    def testDuplicateHandlesGeneratedCorrectly(first1, last1, handle1, first2, last2, handle2, woodysPublicToybox, userWoody, ctx):
        email1 = 'blah1@email.com'
        email2 = 'blah2@email.com'
    
        authRegister('blah3@email.com', 'password1', 'abc', 'def', ctx)
    
>       user1 = authRegister(email1, 'password1', first1, last1, ctx)

httpTests/authTests/test_auth_register.py:95: 
_ _ _ _ _ _ _ _ _ _ _ _ _ _ _ _ _ _ _ _ _ _ _ _ _ _ _ _ _ _ _ _ _ _ _ _ _ _ _ _ 
httpTests/fakepi/auth.py:35: in authRegister
    return util.parseResponse(
_ _ _ _ _ _ _ _ _ _ _ _ _ _ _ _ _ _ _ _ _ _ _ _ _ _ _ _ _ _ _ _ _ _ _ _ _ _ _ _ 

res = <Response [200]>

    def parseResponse(res):
        if res.status_code in [200, 201]:
            data = json.loads(res.text)
            # error handling for iteration 2, without exceptions
            if 'error' in data:
                print(data)
>               raise error.InputError()
E               httpTests.error.InputError: 400 Bad Request: None

httpTests/fakepi/util.py:134: InputError
----------------------------- Captured stdout call -----------------------------
{'error': 'Invalid First Name.'}
_____________________________ testMessageTimestamp _____________________________

woodysPublicToybox = Channel(name='woodys toybox', isPublic=True, channelId=0, ownerMembers=[0], allMembers=[])
userWoody = User(email='sheriff.woody@andysroom.com', password='qazwsx!!', nameFirst='sheriff', nameLast='woody', uId=0, token='a$r7XIJ2!&vUFuFYYc6*zU2Ox3HelIPQ', handleStr='sheriffwoody')
ctx = None

    def testMessageTimestamp(woodysPublicToybox, userWoody, ctx):
        expectedTime = utcNow()
        messageSend(userWoody.token, woodysPublicToybox.channelId, 'you are a toy', ctx)
        chMsgs = channelMessages(userWoody.token, woodysPublicToybox.channelId, 0, ctx)
>       assert abs(chMsgs['messages'][0]['timeSent'] - expectedTime) <= 2
E       assert 1665370134439 <= 2
E        +  where 1665370134439 = abs((1667037171610 - 1667037171))

httpTests/channelTests/test_channel_messages.py:19: AssertionError
__________________________ testOverFiftyMessagesSent ___________________________

woodysPublicToybox = Channel(name='woodys toybox', isPublic=True, channelId=0, ownerMembers=[0], allMembers=[])
userWoody = User(email='sheriff.woody@andysroom.com', password='qazwsx!!', nameFirst='sheriff', nameLast='woody', uId=0, token='tb#rVG4G&ADvs#RTYmSroXp1JN3FzXSc', handleStr='sheriffwoody')
ctx = None

    def testOverFiftyMessagesSent(woodysPublicToybox, userWoody, ctx):
        messageIds = [
            messageSend(userWoody.token, woodysPublicToybox.channelId, 'you are a toy', ctx)['messageId'] for x in
            range(51)
        ]
        messageIds.reverse()
    
        chMsgs = channelMessages(userWoody.token, woodysPublicToybox.channelId, 0, ctx)
        assert chMsgs['start'] == 0
        assert chMsgs['end'] == 50
>       assert messageIds[0: 50] == [m['messageId'] for m in chMsgs['messages']]
E       assert [51,\n 50,\n 49,\n 48,\n 47,\n 46,\n 45,\n 44,\n 43,\n 42,\n 41,\n 40,\n 39,\n 38,\n 37,\n 36,\n 35,\n 34,\n 33,\n 32,\n 31,\n 30,\n 29,\n 28,\n 27,\n 26,\n 25,\n 24,\n 23,\n 22,\n 21,\n 20,\n 19,\n 18,\n 17,\n 16,\n 15,\n 14,\n 13,\n 12,\n 11,\n 10,\n 9,\n 8,\n 7,\n 6,\n 5,\n 4,\n 3,\n 2] == [50,\n 49,\n 48,\n 47,\n 46,\n 45,\n 44,\n 43,\n 42,\n 41,\n 40,\n 39,\n 38,\n 37,\n 36,\n 35,\n 34,\n 33,\n 32,\n 31,\n 30,\n 29,\n 28,\n 27,\n 26,\n 25,\n 24,\n 23,\n 22,\n 21,\n 20,\n 19,\n 18,\n 17,\n 16,\n 15,\n 14,\n 13,\n 12,\n 11,\n 10,\n 9,\n 8,\n 7,\n 6,\n 5,\n 4,\n 3,\n 2,\n 1]
E         At index 0 diff: 51 != 50
E         Full diff:
E           [
E         +  51,
E            50,
E            49,
E            48,
E            47,
E            46,
E            45,
E            44,
E            43,
E            42,
E            41,
E            40,
E            39,
E            38,
E            37,
E            36,
E            35,
E            34,
E            33,
E            32,
E            31,
E            30,
E            29,
E            28,
E            27,
E            26,
E            25,
E            24,
E            23,
E            22,
E            21,
E            20,
E            19,
E            18,
E            17,
E            16,
E            15,
E            14,
E            13,
E            12,
E            11,
E            10,
E            9,
E            8,
E            7,
E            6,
E            5,
E            4,
E            3,
E            2,
E         -  1,
E           ]

httpTests/channelTests/test_channel_messages.py:45: AssertionError
__________________ testGlobalOwnerNonmemberCannotRemoveOwner ___________________

userZerg = User(email='zerg.thedestroyer@zergworld.com', password='!!qazwsx', nameFirst='lord', nameLast='zerg', uId=0, token='$Fb!2X!skhc)Ic(1WhsX67N&wZ!Czt#1', handleStr='lordzerg')
userWoody = User(email='sheriff.woody@andysroom.com', password='qazwsx!!', nameFirst='sheriff', nameLast='woody', uId=1, token='EZYri1B(U#XyCZgbywgibKtLU@FbVuZL', handleStr='sheriffwoody')
woodysPublicToybox = Channel(name='woodys toybox', isPublic=True, channelId=0, ownerMembers=[1], allMembers=[])
userBuzz = User(email='buzz.lightyear@starcommand.com', password='qazwsx@@', nameFirst='buzz', nameLast='lightyear', uId=2, token='P&MODqXK1bdYwXSfIWYiVCQ2o0d947r!', handleStr='buzzlightyear')
ctx = None

    def testGlobalOwnerNonmemberCannotRemoveOwner(userZerg, userWoody, woodysPublicToybox, userBuzz, ctx):
        channelInvite(userWoody.token, woodysPublicToybox.channelId, userBuzz.uId, ctx)
    
        channelAddowner(userWoody.token, woodysPublicToybox.channelId, userBuzz.uId, ctx)
    
        with pytest.raises(AccessError):
>           channelRemoveowner(userZerg.token, woodysPublicToybox.channelId, userBuzz.uId, ctx)
E           Failed: DID NOT RAISE <class 'httpTests.error.InputError'>

httpTests/channelTests/test_channel_removeowner.py:46: Failed
__________________________ testCannotRemoveLastOwner ___________________________

userWoody = User(email='sheriff.woody@andysroom.com', password='qazwsx!!', nameFirst='sheriff', nameLast='woody', uId=0, token='X88ZXGSh&ktinQ0a8b04oetzl*61b59Y', handleStr='sheriffwoody')
woodysPublicToybox = Channel(name='woodys toybox', isPublic=True, channelId=0, ownerMembers=[0], allMembers=[])
ctx = None

    def testCannotRemoveLastOwner(userWoody, woodysPublicToybox, ctx):
        with pytest.raises(InputError):
>           channelRemoveowner(userWoody.token, woodysPublicToybox.channelId, userWoody.uId, ctx)
E           Failed: DID NOT RAISE <class 'httpTests.error.InputError'>

httpTests/channelTests/test_channel_removeowner.py:62: Failed
_____________________ testGlobalOwnerCannotRemoveOnlyOwner _____________________

userBuzz = User(email='buzz.lightyear@starcommand.com', password='qazwsx@@', nameFirst='buzz', nameLast='lightyear', uId=0, token='eM&z7bY4KtrI1rD8F2nAq@0ze56F!gSc', handleStr='buzzlightyear')
userWoody = User(email='sheriff.woody@andysroom.com', password='qazwsx!!', nameFirst='sheriff', nameLast='woody', uId=1, token='uWSXjn*1aZj9YyL@gB*tSPdHVqz$RGnE', handleStr='sheriffwoody')
woodysPublicToybox = Channel(name='woodys toybox', isPublic=True, channelId=0, ownerMembers=[1], allMembers=[])
ctx = None

    def testGlobalOwnerCannotRemoveOnlyOwner(userBuzz, userWoody, woodysPublicToybox, ctx):
        channelJoin(userBuzz.token, woodysPublicToybox.channelId, ctx)
        with pytest.raises(InputError):
>           channelRemoveowner(userBuzz.token, woodysPublicToybox.channelId, userWoody.uId, ctx)
E           Failed: DID NOT RAISE <class 'httpTests.error.InputError'>

httpTests/channelTests/test_channel_removeowner.py:68: Failed
__________________________ testOverFiftyMessagesSent ___________________________

userWoody = User(email='sheriff.woody@andysroom.com', password='qazwsx!!', nameFirst='sheriff', nameLast='woody', uId=0, token='VBA^@gKuJyh2r*IBvluuR3AKVWU)1pAz', handleStr='sheriffwoody')
woodyAndBuzzDm = DM(owner=0, members=[1], name='buzzlightyear, sheriffwoody', dmId=0)
ctx = None

    def testOverFiftyMessagesSent(userWoody, woodyAndBuzzDm, ctx):
        messageIds = [
            messageSenddm(userWoody.token, woodyAndBuzzDm.dmId, 'you are a toy', ctx)['messageId'] for x in
            range(51)
        ]
        messageIds.reverse()
    
        dmMsgs = dmMessages(userWoody.token, woodyAndBuzzDm.dmId, 0, ctx)
        assert dmMsgs['start'] == 0
        assert dmMsgs['end'] == 50
>       assert messageIds[0: 50] == [m['messageId'] for m in dmMsgs['messages']]
E       assert [51,\n 50,\n 49,\n 48,\n 47,\n 46,\n 45,\n 44,\n 43,\n 42,\n 41,\n 40,\n 39,\n 38,\n 37,\n 36,\n 35,\n 34,\n 33,\n 32,\n 31,\n 30,\n 29,\n 28,\n 27,\n 26,\n 25,\n 24,\n 23,\n 22,\n 21,\n 20,\n 19,\n 18,\n 17,\n 16,\n 15,\n 14,\n 13,\n 12,\n 11,\n 10,\n 9,\n 8,\n 7,\n 6,\n 5,\n 4,\n 3,\n 2] == [50,\n 49,\n 48,\n 47,\n 46,\n 45,\n 44,\n 43,\n 42,\n 41,\n 40,\n 39,\n 38,\n 37,\n 36,\n 35,\n 34,\n 33,\n 32,\n 31,\n 30,\n 29,\n 28,\n 27,\n 26,\n 25,\n 24,\n 23,\n 22,\n 21,\n 20,\n 19,\n 18,\n 17,\n 16,\n 15,\n 14,\n 13,\n 12,\n 11,\n 10,\n 9,\n 8,\n 7,\n 6,\n 5,\n 4,\n 3,\n 2,\n 1]
E         At index 0 diff: 51 != 50
E         Full diff:
E           [
E         +  51,
E            50,
E            49,
E            48,
E            47,
E            46,
E            45,
E            44,
E            43,
E            42,
E            41,
E            40,
E            39,
E            38,
E            37,
E            36,
E            35,
E            34,
E            33,
E            32,
E            31,
E            30,
E            29,
E            28,
E            27,
E            26,
E            25,
E            24,
E            23,
E            22,
E            21,
E            20,
E            19,
E            18,
E            17,
E            16,
E            15,
E            14,
E            13,
E            12,
E            11,
E            10,
E            9,
E            8,
E            7,
E            6,
E            5,
E            4,
E            3,
E            2,
E         -  1,
E           ]

httpTests/dmTests/test_dm_messages.py:38: AssertionError
=========================== short test summary info ============================
FAILED httpTests/authTests/test_auth_register.py::testDuplicateEmail - httpTe...
FAILED httpTests/authTests/test_auth_register.py::testDuplicateHandlesGeneratedCorrectly[@bcdefgh!j-klmn opqrst-bcdefghjklmnopqrst-bcdefghj-klmnopqrst-bcdefghjklmnopqrst0]
FAILED httpTests/channelTests/test_channel_messages.py::testMessageTimestamp
FAILED httpTests/channelTests/test_channel_messages.py::testOverFiftyMessagesSent
FAILED httpTests/channelTests/test_channel_removeowner.py::testGlobalOwnerNonmemberCannotRemoveOwner
FAILED httpTests/channelTests/test_channel_removeowner.py::testCannotRemoveLastOwner
FAILED httpTests/channelTests/test_channel_removeowner.py::testGlobalOwnerCannotRemoveOnlyOwner
FAILED httpTests/dmTests/test_dm_messages.py::testOverFiftyMessagesSent - ass...
================== 8 failed, 177 passed, 183 skipped in 9.90s ==================
